* using log directory ‘/Users/houtaodeng/inTrees/inTrees.Rcheck’
* using R Under development (unstable) (2022-02-15 r81747)
* using platform: x86_64-apple-darwin17.0 (64-bit)
* using session charset: UTF-8
* using option ‘--as-cran’
* checking for file ‘inTrees/DESCRIPTION’ ... OK
* this is package ‘inTrees’ version ‘1.2.2’
* checking CRAN incoming feasibility ... NOTE
Maintainer: ‘Houtao Deng <softwaredeng@gmail.com>’

New submission

Package was archived on CRAN

File 'R/inTrees-internal.R' sets .Random.seed.
This is usually neither needed nor wanted.

This build time stamp is over a month old.
* checking package namespace information ... OK
* checking package dependencies ... ERROR
Packages required but not available:
  'arules', 'gbm', 'xtable', 'xgboost', 'data.table'

See section ‘The DESCRIPTION file’ in the ‘Writing R Extensions’
manual.
* DONE
Status: 1 ERROR, 1 NOTE
