Hmm ... looks like a package

This is pdfTeX, Version 3.141592653-2.6-1.40.23 (TeX Live 2022/dev) (preloaded format=pdflatex)
 restricted \write18 enabled.
entering extended mode
LaTeX2e <2021-11-15>
L3 programming layer <2021-11-22>
(./Rd2.tex
(/Users/houtaodeng/Library/TinyTeX/texmf-dist/tex/latex/base/book.cls
Document Class: book 2021/10/04 v1.4n Standard LaTeX document class
(/Users/houtaodeng/Library/TinyTeX/texmf-dist/tex/latex/base/bk10.clo)) (/Library/Frameworks/R.framework/Resources/share/texmf/tex/latex/Rd.sty (/Users/houtaodeng/Library/TinyTeX/texmf-dist/tex/latex/base/ifthen.sty) (/Users/houtaodeng/Library/TinyTeX/texmf-dist/tex/latex/tools/longtable.sty) (/Users/houtaodeng/Library/TinyTeX/texmf-dist/tex/latex/tools/bm.sty) (/Users/houtaodeng/Library/TinyTeX/texmf-dist/tex/latex/base/alltt.sty) (/Users/houtaodeng/Library/TinyTeX/texmf-dist/tex/latex/tools/verbatim.sty) (/Users/houtaodeng/Library/TinyTeX/texmf-dist/tex/latex/url/url.sty) (/Users/houtaodeng/Library/TinyTeX/texmf-dist/tex/latex/base/textcomp.sty) (/Users/houtaodeng/Library/TinyTeX/texmf-dist/tex/latex/base/fontenc.sty) (/Users/houtaodeng/Library/TinyTeX/texmf-dist/tex/latex/psnfss/times.sty) (/Users/houtaodeng/Library/TinyTeX/texmf-dist/tex/latex/inconsolata/zi4.sty `inconsolata-zi4' v1.12, 2019/05/17 Text macros for Inconsolata (msharpe) (/Users/houtaodeng/Library/TinyTeX/texmf-dist/tex/latex/xkeyval/xkeyval.sty (/Users/houtaodeng/Library/TinyTeX/texmf-dist/tex/generic/xkeyval/xkeyval.tex (/Users/houtaodeng/Library/TinyTeX/texmf-dist/tex/generic/xkeyval/xkvutils.tex (/Users/houtaodeng/Library/TinyTeX/texmf-dist/tex/generic/xkeyval/keyval.tex))))) (/Users/houtaodeng/Library/TinyTeX/texmf-dist/tex/latex/graphics/color.sty (/Users/houtaodeng/Library/TinyTeX/texmf-dist/tex/latex/graphics-cfg/color.cfg) (/Users/houtaodeng/Library/TinyTeX/texmf-dist/tex/latex/graphics-def/pdftex.def)) (/Users/houtaodeng/Library/TinyTeX/texmf-dist/tex/latex/hyperref/hyperref.sty (/Users/houtaodeng/Library/TinyTeX/texmf-dist/tex/generic/ltxcmds/ltxcmds.sty) (/Users/houtaodeng/Library/TinyTeX/texmf-dist/tex/generic/iftex/iftex.sty) (/Users/houtaodeng/Library/TinyTeX/texmf-dist/tex/generic/pdftexcmds/pdftexcmds.sty (/Users/houtaodeng/Library/TinyTeX/texmf-dist/tex/generic/infwarerr/infwarerr.sty)) (/Users/houtaodeng/Library/TinyTeX/texmf-dist/tex/generic/kvsetkeys/kvsetkeys.sty) (/Users/houtaodeng/Library/TinyTeX/texmf-dist/tex/generic/kvdefinekeys/kvdefinekeys.sty) (/Users/houtaodeng/Library/TinyTeX/texmf-dist/tex/generic/pdfescape/pdfescape.sty) (/Users/houtaodeng/Library/TinyTeX/texmf-dist/tex/latex/hycolor/hycolor.sty) (/Users/houtaodeng/Library/TinyTeX/texmf-dist/tex/latex/letltxmacro/letltxmacro.sty) (/Users/houtaodeng/Library/TinyTeX/texmf-dist/tex/latex/auxhook/auxhook.sty) (/Users/houtaodeng/Library/TinyTeX/texmf-dist/tex/latex/kvoptions/kvoptions.sty) (/Users/houtaodeng/Library/TinyTeX/texmf-dist/tex/latex/hyperref/pd1enc.def) (/Users/houtaodeng/Library/TinyTeX/texmf-dist/tex/latex/hyperref/hyperref-langpatches.def) (/Users/houtaodeng/Library/TinyTeX/texmf-dist/tex/generic/intcalc/intcalc.sty) (/Users/houtaodeng/Library/TinyTeX/texmf-dist/tex/generic/etexcmds/etexcmds.sty) (/Users/houtaodeng/Library/TinyTeX/texmf-dist/tex/latex/hyperref/puenc.def) (/Users/houtaodeng/Library/TinyTeX/texmf-dist/tex/generic/bitset/bitset.sty (/Users/houtaodeng/Library/TinyTeX/texmf-dist/tex/generic/bigintcalc/bigintcalc.sty)) (/Users/houtaodeng/Library/TinyTeX/texmf-dist/tex/latex/base/atbegshi-ltx.sty)) (/Users/houtaodeng/Library/TinyTeX/texmf-dist/tex/latex/hyperref/hpdftex.def (/Users/houtaodeng/Library/TinyTeX/texmf-dist/tex/latex/base/atveryend-ltx.sty) (/Users/houtaodeng/Library/TinyTeX/texmf-dist/tex/latex/rerunfilecheck/rerunfilecheck.sty (/Users/houtaodeng/Library/TinyTeX/texmf-dist/tex/generic/uniquecounter/uniquecounter.sty)))

Package hyperref Warning: Option `hyperindex' has already been used,
(hyperref)                setting the option has no effect on input line 396.


Package hyperref Warning: Option `pagebackref' has already been used,
(hyperref)                setting the option has no effect on input line 396.

) (/Users/houtaodeng/Library/TinyTeX/texmf-dist/tex/latex/base/makeidx.sty) (/Users/houtaodeng/Library/TinyTeX/texmf-dist/tex/latex/base/inputenc.sty (/Users/houtaodeng/Library/TinyTeX/texmf-dist/tex/latex/base/latin1.def))
Writing index file Rd2.idx
(/Users/houtaodeng/Library/TinyTeX/texmf-dist/tex/latex/psnfss/t1ptm.fd) (/Users/houtaodeng/Library/TinyTeX/texmf-dist/tex/latex/l3backend/l3backend-pdftex.def)
No file Rd2.aux.
(/Users/houtaodeng/Library/TinyTeX/texmf-dist/tex/latex/hyperref/nameref.sty (/Users/houtaodeng/Library/TinyTeX/texmf-dist/tex/latex/refcount/refcount.sty) (/Users/houtaodeng/Library/TinyTeX/texmf-dist/tex/generic/gettitlestring/gettitlestring.sty)) (/Users/houtaodeng/Library/TinyTeX/texmf-dist/tex/latex/inconsolata/t1zi4.fd) (/Users/houtaodeng/Library/TinyTeX/texmf-dist/tex/latex/psnfss/t1phv.fd) (/Users/houtaodeng/Library/TinyTeX/texmf-dist/tex/latex/base/utf8.def) [1{/Users/houtaodeng/Library/TinyTeX/texmf-var/fonts/map/pdftex/updmap/pdftex.map}] [2] [3]
Overfull \hbox (7.30838pt too wide) in paragraph at lines 245--246
[]\T1/ptm/m/n/10 the max depth for each tree is an in-te-ger ran-domly cho-sen be-tween 1 and maxdepth 
[4] [5] [6] [7] [8] [9]
No file Rd2.ind.
[10] (/private/var/folders/vf/pn4s3pfs5j7897573m28sy9w0000gp/T/RtmpBTEpS6/Rd2pdf18150f76de9e/Rd2.aux)

Package rerunfilecheck Warning: File `Rd2.out' has changed.
(rerunfilecheck)                Rerun to get outlines right
(rerunfilecheck)                or use package `bookmark'.

 )
(see the transcript file for additional information){/Users/houtaodeng/Library/TinyTeX/texmf-dist/fonts/enc/dvips/base/8r.enc}{/Users/houtaodeng/Library/TinyTeX/texmf-dist/fonts/enc/dvips/inconsolata/i4-t1-0.enc}</Users/houtaodeng/Library/TinyTeX/texmf-dist/fonts/type1/public/inconsolata/Inconsolata-zi4r.pfb></Users/houtaodeng/Library/TinyTeX/texmf-dist/fonts/type1/urw/helvetic/uhvr8a.pfb></Users/houtaodeng/Library/TinyTeX/texmf-dist/fonts/type1/urw/times/utmb8a.pfb></Users/houtaodeng/Library/TinyTeX/texmf-dist/fonts/type1/urw/times/utmr8a.pfb></Users/houtaodeng/Library/TinyTeX/texmf-dist/fonts/type1/urw/times/utmr8a.pfb></Users/houtaodeng/Library/TinyTeX/texmf-dist/fonts/type1/urw/times/utmri8a.pfb>
Output written on Rd2.pdf (10 pages, 95931 bytes).
Transcript written on Rd2.log.
This is pdfTeX, Version 3.141592653-2.6-1.40.23 (TeX Live 2022/dev) (preloaded format=pdflatex)
 restricted \write18 enabled.
entering extended mode
LaTeX2e <2021-11-15>
L3 programming layer <2021-11-22>
(./Rd2.tex
(/Users/houtaodeng/Library/TinyTeX/texmf-dist/tex/latex/base/book.cls
Document Class: book 2021/10/04 v1.4n Standard LaTeX document class
(/Users/houtaodeng/Library/TinyTeX/texmf-dist/tex/latex/base/bk10.clo)) (/Library/Frameworks/R.framework/Resources/share/texmf/tex/latex/Rd.sty (/Users/houtaodeng/Library/TinyTeX/texmf-dist/tex/latex/base/ifthen.sty) (/Users/houtaodeng/Library/TinyTeX/texmf-dist/tex/latex/tools/longtable.sty) (/Users/houtaodeng/Library/TinyTeX/texmf-dist/tex/latex/tools/bm.sty) (/Users/houtaodeng/Library/TinyTeX/texmf-dist/tex/latex/base/alltt.sty) (/Users/houtaodeng/Library/TinyTeX/texmf-dist/tex/latex/tools/verbatim.sty) (/Users/houtaodeng/Library/TinyTeX/texmf-dist/tex/latex/url/url.sty) (/Users/houtaodeng/Library/TinyTeX/texmf-dist/tex/latex/base/textcomp.sty) (/Users/houtaodeng/Library/TinyTeX/texmf-dist/tex/latex/base/fontenc.sty) (/Users/houtaodeng/Library/TinyTeX/texmf-dist/tex/latex/psnfss/times.sty) (/Users/houtaodeng/Library/TinyTeX/texmf-dist/tex/latex/inconsolata/zi4.sty `inconsolata-zi4' v1.12, 2019/05/17 Text macros for Inconsolata (msharpe) (/Users/houtaodeng/Library/TinyTeX/texmf-dist/tex/latex/xkeyval/xkeyval.sty (/Users/houtaodeng/Library/TinyTeX/texmf-dist/tex/generic/xkeyval/xkeyval.tex (/Users/houtaodeng/Library/TinyTeX/texmf-dist/tex/generic/xkeyval/xkvutils.tex (/Users/houtaodeng/Library/TinyTeX/texmf-dist/tex/generic/xkeyval/keyval.tex))))) (/Users/houtaodeng/Library/TinyTeX/texmf-dist/tex/latex/graphics/color.sty (/Users/houtaodeng/Library/TinyTeX/texmf-dist/tex/latex/graphics-cfg/color.cfg) (/Users/houtaodeng/Library/TinyTeX/texmf-dist/tex/latex/graphics-def/pdftex.def)) (/Users/houtaodeng/Library/TinyTeX/texmf-dist/tex/latex/hyperref/hyperref.sty (/Users/houtaodeng/Library/TinyTeX/texmf-dist/tex/generic/ltxcmds/ltxcmds.sty) (/Users/houtaodeng/Library/TinyTeX/texmf-dist/tex/generic/iftex/iftex.sty) (/Users/houtaodeng/Library/TinyTeX/texmf-dist/tex/generic/pdftexcmds/pdftexcmds.sty (/Users/houtaodeng/Library/TinyTeX/texmf-dist/tex/generic/infwarerr/infwarerr.sty)) (/Users/houtaodeng/Library/TinyTeX/texmf-dist/tex/generic/kvsetkeys/kvsetkeys.sty) (/Users/houtaodeng/Library/TinyTeX/texmf-dist/tex/generic/kvdefinekeys/kvdefinekeys.sty) (/Users/houtaodeng/Library/TinyTeX/texmf-dist/tex/generic/pdfescape/pdfescape.sty) (/Users/houtaodeng/Library/TinyTeX/texmf-dist/tex/latex/hycolor/hycolor.sty) (/Users/houtaodeng/Library/TinyTeX/texmf-dist/tex/latex/letltxmacro/letltxmacro.sty) (/Users/houtaodeng/Library/TinyTeX/texmf-dist/tex/latex/auxhook/auxhook.sty) (/Users/houtaodeng/Library/TinyTeX/texmf-dist/tex/latex/kvoptions/kvoptions.sty) (/Users/houtaodeng/Library/TinyTeX/texmf-dist/tex/latex/hyperref/pd1enc.def) (/Users/houtaodeng/Library/TinyTeX/texmf-dist/tex/latex/hyperref/hyperref-langpatches.def) (/Users/houtaodeng/Library/TinyTeX/texmf-dist/tex/generic/intcalc/intcalc.sty) (/Users/houtaodeng/Library/TinyTeX/texmf-dist/tex/generic/etexcmds/etexcmds.sty) (/Users/houtaodeng/Library/TinyTeX/texmf-dist/tex/latex/hyperref/puenc.def) (/Users/houtaodeng/Library/TinyTeX/texmf-dist/tex/generic/bitset/bitset.sty (/Users/houtaodeng/Library/TinyTeX/texmf-dist/tex/generic/bigintcalc/bigintcalc.sty)) (/Users/houtaodeng/Library/TinyTeX/texmf-dist/tex/latex/base/atbegshi-ltx.sty)) (/Users/houtaodeng/Library/TinyTeX/texmf-dist/tex/latex/hyperref/hpdftex.def (/Users/houtaodeng/Library/TinyTeX/texmf-dist/tex/latex/base/atveryend-ltx.sty) (/Users/houtaodeng/Library/TinyTeX/texmf-dist/tex/latex/rerunfilecheck/rerunfilecheck.sty (/Users/houtaodeng/Library/TinyTeX/texmf-dist/tex/generic/uniquecounter/uniquecounter.sty)))

Package hyperref Warning: Option `hyperindex' has already been used,
(hyperref)                setting the option has no effect on input line 396.


Package hyperref Warning: Option `pagebackref' has already been used,
(hyperref)                setting the option has no effect on input line 396.

) (/Users/houtaodeng/Library/TinyTeX/texmf-dist/tex/latex/base/makeidx.sty) (/Users/houtaodeng/Library/TinyTeX/texmf-dist/tex/latex/base/inputenc.sty (/Users/houtaodeng/Library/TinyTeX/texmf-dist/tex/latex/base/latin1.def))
Writing index file Rd2.idx
(/Users/houtaodeng/Library/TinyTeX/texmf-dist/tex/latex/psnfss/t1ptm.fd) (/Users/houtaodeng/Library/TinyTeX/texmf-dist/tex/latex/l3backend/l3backend-pdftex.def) (/private/var/folders/vf/pn4s3pfs5j7897573m28sy9w0000gp/T/RtmpBTEpS6/Rd2pdf18150f76de9e/Rd2.aux) (/Users/houtaodeng/Library/TinyTeX/texmf-dist/tex/latex/hyperref/nameref.sty (/Users/houtaodeng/Library/TinyTeX/texmf-dist/tex/latex/refcount/refcount.sty) (/Users/houtaodeng/Library/TinyTeX/texmf-dist/tex/generic/gettitlestring/gettitlestring.sty)) (/private/var/folders/vf/pn4s3pfs5j7897573m28sy9w0000gp/T/RtmpBTEpS6/Rd2pdf18150f76de9e/Rd2.out) (/private/var/folders/vf/pn4s3pfs5j7897573m28sy9w0000gp/T/RtmpBTEpS6/Rd2pdf18150f76de9e/Rd2.out) (/Users/houtaodeng/Library/TinyTeX/texmf-dist/tex/latex/inconsolata/t1zi4.fd) (/Users/houtaodeng/Library/TinyTeX/texmf-dist/tex/latex/psnfss/t1phv.fd) (/private/var/folders/vf/pn4s3pfs5j7897573m28sy9w0000gp/T/RtmpBTEpS6/Rd2pdf18150f76de9e/Rd2.toc) (/Users/houtaodeng/Library/TinyTeX/texmf-dist/tex/latex/base/utf8.def) [1{/Users/houtaodeng/Library/TinyTeX/texmf-var/fonts/map/pdftex/updmap/pdftex.map}] [2] [3]
Overfull \hbox (7.30838pt too wide) in paragraph at lines 245--246
[]\T1/ptm/m/n/10 the max depth for each tree is an in-te-ger ran-domly cho-sen be-tween 1 and maxdepth 
[4] [5] [6] [7] [8] [9]
No file Rd2.ind.
[10] (/private/var/folders/vf/pn4s3pfs5j7897573m28sy9w0000gp/T/RtmpBTEpS6/Rd2pdf18150f76de9e/Rd2.aux) )
(see the transcript file for additional information){/Users/houtaodeng/Library/TinyTeX/texmf-dist/fonts/enc/dvips/base/8r.enc}{/Users/houtaodeng/Library/TinyTeX/texmf-dist/fonts/enc/dvips/inconsolata/i4-t1-0.enc}</Users/houtaodeng/Library/TinyTeX/texmf-dist/fonts/type1/public/inconsolata/Inconsolata-zi4r.pfb></Users/houtaodeng/Library/TinyTeX/texmf-dist/fonts/type1/urw/helvetic/uhvr8a.pfb></Users/houtaodeng/Library/TinyTeX/texmf-dist/fonts/type1/urw/times/utmb8a.pfb></Users/houtaodeng/Library/TinyTeX/texmf-dist/fonts/type1/urw/times/utmr8a.pfb></Users/houtaodeng/Library/TinyTeX/texmf-dist/fonts/type1/urw/times/utmr8a.pfb></Users/houtaodeng/Library/TinyTeX/texmf-dist/fonts/type1/urw/times/utmri8a.pfb>
Output written on Rd2.pdf (10 pages, 97606 bytes).
Transcript written on Rd2.log.
This is makeindex, version 2.15 [TeX Live 2021] (kpathsea + Thai support).
Scanning input file Rd2.idx....done (36 entries accepted, 0 rejected).
Sorting entries....done (191 comparisons).
Generating output file Rd2.ind....done (81 lines written, 2 warnings).
Output written in Rd2.ind.
Transcript written in Rd2.ilg.
This is pdfTeX, Version 3.141592653-2.6-1.40.23 (TeX Live 2022/dev) (preloaded format=pdflatex)
 restricted \write18 enabled.
entering extended mode
LaTeX2e <2021-11-15>
L3 programming layer <2021-11-22>
(./Rd2.tex
(/Users/houtaodeng/Library/TinyTeX/texmf-dist/tex/latex/base/book.cls
Document Class: book 2021/10/04 v1.4n Standard LaTeX document class
(/Users/houtaodeng/Library/TinyTeX/texmf-dist/tex/latex/base/bk10.clo)) (/Library/Frameworks/R.framework/Resources/share/texmf/tex/latex/Rd.sty (/Users/houtaodeng/Library/TinyTeX/texmf-dist/tex/latex/base/ifthen.sty) (/Users/houtaodeng/Library/TinyTeX/texmf-dist/tex/latex/tools/longtable.sty) (/Users/houtaodeng/Library/TinyTeX/texmf-dist/tex/latex/tools/bm.sty) (/Users/houtaodeng/Library/TinyTeX/texmf-dist/tex/latex/base/alltt.sty) (/Users/houtaodeng/Library/TinyTeX/texmf-dist/tex/latex/tools/verbatim.sty) (/Users/houtaodeng/Library/TinyTeX/texmf-dist/tex/latex/url/url.sty) (/Users/houtaodeng/Library/TinyTeX/texmf-dist/tex/latex/base/textcomp.sty) (/Users/houtaodeng/Library/TinyTeX/texmf-dist/tex/latex/base/fontenc.sty) (/Users/houtaodeng/Library/TinyTeX/texmf-dist/tex/latex/psnfss/times.sty) (/Users/houtaodeng/Library/TinyTeX/texmf-dist/tex/latex/inconsolata/zi4.sty `inconsolata-zi4' v1.12, 2019/05/17 Text macros for Inconsolata (msharpe) (/Users/houtaodeng/Library/TinyTeX/texmf-dist/tex/latex/xkeyval/xkeyval.sty (/Users/houtaodeng/Library/TinyTeX/texmf-dist/tex/generic/xkeyval/xkeyval.tex (/Users/houtaodeng/Library/TinyTeX/texmf-dist/tex/generic/xkeyval/xkvutils.tex (/Users/houtaodeng/Library/TinyTeX/texmf-dist/tex/generic/xkeyval/keyval.tex))))) (/Users/houtaodeng/Library/TinyTeX/texmf-dist/tex/latex/graphics/color.sty (/Users/houtaodeng/Library/TinyTeX/texmf-dist/tex/latex/graphics-cfg/color.cfg) (/Users/houtaodeng/Library/TinyTeX/texmf-dist/tex/latex/graphics-def/pdftex.def)) (/Users/houtaodeng/Library/TinyTeX/texmf-dist/tex/latex/hyperref/hyperref.sty (/Users/houtaodeng/Library/TinyTeX/texmf-dist/tex/generic/ltxcmds/ltxcmds.sty) (/Users/houtaodeng/Library/TinyTeX/texmf-dist/tex/generic/iftex/iftex.sty) (/Users/houtaodeng/Library/TinyTeX/texmf-dist/tex/generic/pdftexcmds/pdftexcmds.sty (/Users/houtaodeng/Library/TinyTeX/texmf-dist/tex/generic/infwarerr/infwarerr.sty)) (/Users/houtaodeng/Library/TinyTeX/texmf-dist/tex/generic/kvsetkeys/kvsetkeys.sty) (/Users/houtaodeng/Library/TinyTeX/texmf-dist/tex/generic/kvdefinekeys/kvdefinekeys.sty) (/Users/houtaodeng/Library/TinyTeX/texmf-dist/tex/generic/pdfescape/pdfescape.sty) (/Users/houtaodeng/Library/TinyTeX/texmf-dist/tex/latex/hycolor/hycolor.sty) (/Users/houtaodeng/Library/TinyTeX/texmf-dist/tex/latex/letltxmacro/letltxmacro.sty) (/Users/houtaodeng/Library/TinyTeX/texmf-dist/tex/latex/auxhook/auxhook.sty) (/Users/houtaodeng/Library/TinyTeX/texmf-dist/tex/latex/kvoptions/kvoptions.sty) (/Users/houtaodeng/Library/TinyTeX/texmf-dist/tex/latex/hyperref/pd1enc.def) (/Users/houtaodeng/Library/TinyTeX/texmf-dist/tex/latex/hyperref/hyperref-langpatches.def) (/Users/houtaodeng/Library/TinyTeX/texmf-dist/tex/generic/intcalc/intcalc.sty) (/Users/houtaodeng/Library/TinyTeX/texmf-dist/tex/generic/etexcmds/etexcmds.sty) (/Users/houtaodeng/Library/TinyTeX/texmf-dist/tex/latex/hyperref/puenc.def) (/Users/houtaodeng/Library/TinyTeX/texmf-dist/tex/generic/bitset/bitset.sty (/Users/houtaodeng/Library/TinyTeX/texmf-dist/tex/generic/bigintcalc/bigintcalc.sty)) (/Users/houtaodeng/Library/TinyTeX/texmf-dist/tex/latex/base/atbegshi-ltx.sty)) (/Users/houtaodeng/Library/TinyTeX/texmf-dist/tex/latex/hyperref/hpdftex.def (/Users/houtaodeng/Library/TinyTeX/texmf-dist/tex/latex/base/atveryend-ltx.sty) (/Users/houtaodeng/Library/TinyTeX/texmf-dist/tex/latex/rerunfilecheck/rerunfilecheck.sty (/Users/houtaodeng/Library/TinyTeX/texmf-dist/tex/generic/uniquecounter/uniquecounter.sty)))

Package hyperref Warning: Option `hyperindex' has already been used,
(hyperref)                setting the option has no effect on input line 396.


Package hyperref Warning: Option `pagebackref' has already been used,
(hyperref)                setting the option has no effect on input line 396.

) (/Users/houtaodeng/Library/TinyTeX/texmf-dist/tex/latex/base/makeidx.sty) (/Users/houtaodeng/Library/TinyTeX/texmf-dist/tex/latex/base/inputenc.sty (/Users/houtaodeng/Library/TinyTeX/texmf-dist/tex/latex/base/latin1.def))
Writing index file Rd2.idx
(/Users/houtaodeng/Library/TinyTeX/texmf-dist/tex/latex/psnfss/t1ptm.fd) (/Users/houtaodeng/Library/TinyTeX/texmf-dist/tex/latex/l3backend/l3backend-pdftex.def) (/private/var/folders/vf/pn4s3pfs5j7897573m28sy9w0000gp/T/RtmpBTEpS6/Rd2pdf18150f76de9e/Rd2.aux) (/Users/houtaodeng/Library/TinyTeX/texmf-dist/tex/latex/hyperref/nameref.sty (/Users/houtaodeng/Library/TinyTeX/texmf-dist/tex/latex/refcount/refcount.sty) (/Users/houtaodeng/Library/TinyTeX/texmf-dist/tex/generic/gettitlestring/gettitlestring.sty)) (/private/var/folders/vf/pn4s3pfs5j7897573m28sy9w0000gp/T/RtmpBTEpS6/Rd2pdf18150f76de9e/Rd2.out) (/private/var/folders/vf/pn4s3pfs5j7897573m28sy9w0000gp/T/RtmpBTEpS6/Rd2pdf18150f76de9e/Rd2.out) (/Users/houtaodeng/Library/TinyTeX/texmf-dist/tex/latex/inconsolata/t1zi4.fd) (/Users/houtaodeng/Library/TinyTeX/texmf-dist/tex/latex/psnfss/t1phv.fd) (/private/var/folders/vf/pn4s3pfs5j7897573m28sy9w0000gp/T/RtmpBTEpS6/Rd2pdf18150f76de9e/Rd2.toc) (/Users/houtaodeng/Library/TinyTeX/texmf-dist/tex/latex/base/utf8.def) [1{/Users/houtaodeng/Library/TinyTeX/texmf-var/fonts/map/pdftex/updmap/pdftex.map}] [2] [3]
Overfull \hbox (7.30838pt too wide) in paragraph at lines 245--246
[]\T1/ptm/m/n/10 the max depth for each tree is an in-te-ger ran-domly cho-sen be-tween 1 and maxdepth 
[4] [5] [6] [7] [8] [9] (/private/var/folders/vf/pn4s3pfs5j7897573m28sy9w0000gp/T/RtmpBTEpS6/Rd2pdf18150f76de9e/Rd2.ind [10] [11]) (/private/var/folders/vf/pn4s3pfs5j7897573m28sy9w0000gp/T/RtmpBTEpS6/Rd2pdf18150f76de9e/Rd2.aux)

Package rerunfilecheck Warning: File `Rd2.out' has changed.
(rerunfilecheck)                Rerun to get outlines right
(rerunfilecheck)                or use package `bookmark'.

 )
(see the transcript file for additional information){/Users/houtaodeng/Library/TinyTeX/texmf-dist/fonts/enc/dvips/base/8r.enc}{/Users/houtaodeng/Library/TinyTeX/texmf-dist/fonts/enc/dvips/inconsolata/i4-t1-0.enc}</Users/houtaodeng/Library/TinyTeX/texmf-dist/fonts/type1/public/inconsolata/Inconsolata-zi4r.pfb></Users/houtaodeng/Library/TinyTeX/texmf-dist/fonts/type1/public/amsfonts/cm/cmsy10.pfb></Users/houtaodeng/Library/TinyTeX/texmf-dist/fonts/type1/urw/helvetic/uhvr8a.pfb></Users/houtaodeng/Library/TinyTeX/texmf-dist/fonts/type1/urw/times/utmb8a.pfb></Users/houtaodeng/Library/TinyTeX/texmf-dist/fonts/type1/urw/times/utmr8a.pfb></Users/houtaodeng/Library/TinyTeX/texmf-dist/fonts/type1/urw/times/utmr8a.pfb></Users/houtaodeng/Library/TinyTeX/texmf-dist/fonts/type1/urw/times/utmri8a.pfb>
Output written on Rd2.pdf (11 pages, 109068 bytes).
Transcript written on Rd2.log.
This is makeindex, version 2.15 [TeX Live 2021] (kpathsea + Thai support).
Scanning input file Rd2.idx....done (36 entries accepted, 0 rejected).
Sorting entries....done (191 comparisons).
Generating output file Rd2.ind....done (81 lines written, 2 warnings).
Output written in Rd2.ind.
Transcript written in Rd2.ilg.
This is pdfTeX, Version 3.141592653-2.6-1.40.23 (TeX Live 2022/dev) (preloaded format=pdflatex)
 restricted \write18 enabled.
entering extended mode
LaTeX2e <2021-11-15>
L3 programming layer <2021-11-22>
(./Rd2.tex
(/Users/houtaodeng/Library/TinyTeX/texmf-dist/tex/latex/base/book.cls
Document Class: book 2021/10/04 v1.4n Standard LaTeX document class
(/Users/houtaodeng/Library/TinyTeX/texmf-dist/tex/latex/base/bk10.clo)) (/Library/Frameworks/R.framework/Resources/share/texmf/tex/latex/Rd.sty (/Users/houtaodeng/Library/TinyTeX/texmf-dist/tex/latex/base/ifthen.sty) (/Users/houtaodeng/Library/TinyTeX/texmf-dist/tex/latex/tools/longtable.sty) (/Users/houtaodeng/Library/TinyTeX/texmf-dist/tex/latex/tools/bm.sty) (/Users/houtaodeng/Library/TinyTeX/texmf-dist/tex/latex/base/alltt.sty) (/Users/houtaodeng/Library/TinyTeX/texmf-dist/tex/latex/tools/verbatim.sty) (/Users/houtaodeng/Library/TinyTeX/texmf-dist/tex/latex/url/url.sty) (/Users/houtaodeng/Library/TinyTeX/texmf-dist/tex/latex/base/textcomp.sty) (/Users/houtaodeng/Library/TinyTeX/texmf-dist/tex/latex/base/fontenc.sty) (/Users/houtaodeng/Library/TinyTeX/texmf-dist/tex/latex/psnfss/times.sty) (/Users/houtaodeng/Library/TinyTeX/texmf-dist/tex/latex/inconsolata/zi4.sty `inconsolata-zi4' v1.12, 2019/05/17 Text macros for Inconsolata (msharpe) (/Users/houtaodeng/Library/TinyTeX/texmf-dist/tex/latex/xkeyval/xkeyval.sty (/Users/houtaodeng/Library/TinyTeX/texmf-dist/tex/generic/xkeyval/xkeyval.tex (/Users/houtaodeng/Library/TinyTeX/texmf-dist/tex/generic/xkeyval/xkvutils.tex (/Users/houtaodeng/Library/TinyTeX/texmf-dist/tex/generic/xkeyval/keyval.tex))))) (/Users/houtaodeng/Library/TinyTeX/texmf-dist/tex/latex/graphics/color.sty (/Users/houtaodeng/Library/TinyTeX/texmf-dist/tex/latex/graphics-cfg/color.cfg) (/Users/houtaodeng/Library/TinyTeX/texmf-dist/tex/latex/graphics-def/pdftex.def)) (/Users/houtaodeng/Library/TinyTeX/texmf-dist/tex/latex/hyperref/hyperref.sty (/Users/houtaodeng/Library/TinyTeX/texmf-dist/tex/generic/ltxcmds/ltxcmds.sty) (/Users/houtaodeng/Library/TinyTeX/texmf-dist/tex/generic/iftex/iftex.sty) (/Users/houtaodeng/Library/TinyTeX/texmf-dist/tex/generic/pdftexcmds/pdftexcmds.sty (/Users/houtaodeng/Library/TinyTeX/texmf-dist/tex/generic/infwarerr/infwarerr.sty)) (/Users/houtaodeng/Library/TinyTeX/texmf-dist/tex/generic/kvsetkeys/kvsetkeys.sty) (/Users/houtaodeng/Library/TinyTeX/texmf-dist/tex/generic/kvdefinekeys/kvdefinekeys.sty) (/Users/houtaodeng/Library/TinyTeX/texmf-dist/tex/generic/pdfescape/pdfescape.sty) (/Users/houtaodeng/Library/TinyTeX/texmf-dist/tex/latex/hycolor/hycolor.sty) (/Users/houtaodeng/Library/TinyTeX/texmf-dist/tex/latex/letltxmacro/letltxmacro.sty) (/Users/houtaodeng/Library/TinyTeX/texmf-dist/tex/latex/auxhook/auxhook.sty) (/Users/houtaodeng/Library/TinyTeX/texmf-dist/tex/latex/kvoptions/kvoptions.sty) (/Users/houtaodeng/Library/TinyTeX/texmf-dist/tex/latex/hyperref/pd1enc.def) (/Users/houtaodeng/Library/TinyTeX/texmf-dist/tex/latex/hyperref/hyperref-langpatches.def) (/Users/houtaodeng/Library/TinyTeX/texmf-dist/tex/generic/intcalc/intcalc.sty) (/Users/houtaodeng/Library/TinyTeX/texmf-dist/tex/generic/etexcmds/etexcmds.sty) (/Users/houtaodeng/Library/TinyTeX/texmf-dist/tex/latex/hyperref/puenc.def) (/Users/houtaodeng/Library/TinyTeX/texmf-dist/tex/generic/bitset/bitset.sty (/Users/houtaodeng/Library/TinyTeX/texmf-dist/tex/generic/bigintcalc/bigintcalc.sty)) (/Users/houtaodeng/Library/TinyTeX/texmf-dist/tex/latex/base/atbegshi-ltx.sty)) (/Users/houtaodeng/Library/TinyTeX/texmf-dist/tex/latex/hyperref/hpdftex.def (/Users/houtaodeng/Library/TinyTeX/texmf-dist/tex/latex/base/atveryend-ltx.sty) (/Users/houtaodeng/Library/TinyTeX/texmf-dist/tex/latex/rerunfilecheck/rerunfilecheck.sty (/Users/houtaodeng/Library/TinyTeX/texmf-dist/tex/generic/uniquecounter/uniquecounter.sty)))

Package hyperref Warning: Option `hyperindex' has already been used,
(hyperref)                setting the option has no effect on input line 396.


Package hyperref Warning: Option `pagebackref' has already been used,
(hyperref)                setting the option has no effect on input line 396.

) (/Users/houtaodeng/Library/TinyTeX/texmf-dist/tex/latex/base/makeidx.sty) (/Users/houtaodeng/Library/TinyTeX/texmf-dist/tex/latex/base/inputenc.sty (/Users/houtaodeng/Library/TinyTeX/texmf-dist/tex/latex/base/latin1.def))
Writing index file Rd2.idx
(/Users/houtaodeng/Library/TinyTeX/texmf-dist/tex/latex/psnfss/t1ptm.fd) (/Users/houtaodeng/Library/TinyTeX/texmf-dist/tex/latex/l3backend/l3backend-pdftex.def) (/private/var/folders/vf/pn4s3pfs5j7897573m28sy9w0000gp/T/RtmpBTEpS6/Rd2pdf18150f76de9e/Rd2.aux) (/Users/houtaodeng/Library/TinyTeX/texmf-dist/tex/latex/hyperref/nameref.sty (/Users/houtaodeng/Library/TinyTeX/texmf-dist/tex/latex/refcount/refcount.sty) (/Users/houtaodeng/Library/TinyTeX/texmf-dist/tex/generic/gettitlestring/gettitlestring.sty)) (/private/var/folders/vf/pn4s3pfs5j7897573m28sy9w0000gp/T/RtmpBTEpS6/Rd2pdf18150f76de9e/Rd2.out) (/private/var/folders/vf/pn4s3pfs5j7897573m28sy9w0000gp/T/RtmpBTEpS6/Rd2pdf18150f76de9e/Rd2.out) (/Users/houtaodeng/Library/TinyTeX/texmf-dist/tex/latex/inconsolata/t1zi4.fd) (/Users/houtaodeng/Library/TinyTeX/texmf-dist/tex/latex/psnfss/t1phv.fd) (/private/var/folders/vf/pn4s3pfs5j7897573m28sy9w0000gp/T/RtmpBTEpS6/Rd2pdf18150f76de9e/Rd2.toc) (/Users/houtaodeng/Library/TinyTeX/texmf-dist/tex/latex/base/utf8.def) [1{/Users/houtaodeng/Library/TinyTeX/texmf-var/fonts/map/pdftex/updmap/pdftex.map}] [2] [3]
Overfull \hbox (7.30838pt too wide) in paragraph at lines 245--246
[]\T1/ptm/m/n/10 the max depth for each tree is an in-te-ger ran-domly cho-sen be-tween 1 and maxdepth 
[4] [5] [6] [7] [8] [9] (/private/var/folders/vf/pn4s3pfs5j7897573m28sy9w0000gp/T/RtmpBTEpS6/Rd2pdf18150f76de9e/Rd2.ind [10] [11]) (/private/var/folders/vf/pn4s3pfs5j7897573m28sy9w0000gp/T/RtmpBTEpS6/Rd2pdf18150f76de9e/Rd2.aux) )
(see the transcript file for additional information){/Users/houtaodeng/Library/TinyTeX/texmf-dist/fonts/enc/dvips/base/8r.enc}{/Users/houtaodeng/Library/TinyTeX/texmf-dist/fonts/enc/dvips/inconsolata/i4-t1-0.enc}</Users/houtaodeng/Library/TinyTeX/texmf-dist/fonts/type1/public/inconsolata/Inconsolata-zi4r.pfb></Users/houtaodeng/Library/TinyTeX/texmf-dist/fonts/type1/public/amsfonts/cm/cmsy10.pfb></Users/houtaodeng/Library/TinyTeX/texmf-dist/fonts/type1/urw/helvetic/uhvr8a.pfb></Users/houtaodeng/Library/TinyTeX/texmf-dist/fonts/type1/urw/times/utmb8a.pfb></Users/houtaodeng/Library/TinyTeX/texmf-dist/fonts/type1/urw/times/utmr8a.pfb></Users/houtaodeng/Library/TinyTeX/texmf-dist/fonts/type1/urw/times/utmr8a.pfb></Users/houtaodeng/Library/TinyTeX/texmf-dist/fonts/type1/urw/times/utmri8a.pfb>
Output written on Rd2.pdf (11 pages, 109259 bytes).
Transcript written on Rd2.log.
Saving output to ‘inTrees-manual.pdf’ ...
Done
You may want to clean up by 'rm -Rf /var/folders/vf/pn4s3pfs5j7897573m28sy9w0000gp/T//RtmpBTEpS6/Rd2pdf18150f76de9e'
